Determining if the pthread_create exist failed with the following output:
Change Dir: /home/naama/CLionProjects/ex3/cmake-build-debug/CMakeFiles/CMakeTmp

Run Build Command:"/usr/bin/make" "cmTC_a9e55/fast"
/usr/bin/make -f CMakeFiles/cmTC_a9e55.dir/build.make CMakeFiles/cmTC_a9e55.dir/build
make[1]: Entering directory '/home/naama/CLionProjects/ex3/cmake-build-debug/CMakeFiles/CMakeTmp'
Building C object CMakeFiles/cmTC_a9e55.dir/CheckSymbolExists.c.o
/usr/bin/cc    -o CMakeFiles/cmTC_a9e55.dir/CheckSymbolExists.c.o   -c /home/naama/CLionProjects/ex3/cmake-build-debug/CMakeFiles/CMakeTmp/CheckSymbolExists.c
Linking C executable cmTC_a9e55
/home/naama/clion-2017.2.3/bin/cmake/bin/cmake -E cmake_link_script CMakeFiles/cmTC_a9e55.dir/link.txt --verbose=1
/usr/bin/cc      -rdynamic CMakeFiles/cmTC_a9e55.dir/CheckSymbolExists.c.o  -o cmTC_a9e55 
CMakeFiles/cmTC_a9e55.dir/CheckSymbolExists.c.o: In function `main':
CheckSymbolExists.c:(.text+0x1b): undefined reference to `pthread_create'
collect2: error: ld returned 1 exit status
CMakeFiles/cmTC_a9e55.dir/build.make:97: recipe for target 'cmTC_a9e55' failed
make[1]: *** [cmTC_a9e55] Error 1
make[1]: Leaving directory '/home/naama/CLionProjects/ex3/cmake-build-debug/CMakeFiles/CMakeTmp'
Makefile:126: recipe for target 'cmTC_a9e55/fast' failed
make: *** [cmTC_a9e55/fast] Error 2

File /home/naama/CLionProjects/ex3/cmake-build-debug/CMakeFiles/CMakeTmp/CheckSymbolExists.c:
/* */
#include <pthread.h>

int main(int argc, char** argv)
{
  (void)argv;
#ifndef pthread_create
  return ((int*)(&pthread_create))[argc];
#else
  (void)argc;
  return 0;
#endif
}

Determining if the function pthread_create exists in the pthreads failed with the following output:
Change Dir: /home/naama/CLionProjects/ex3/cmake-build-debug/CMakeFiles/CMakeTmp

Run Build Command:"/usr/bin/make" "cmTC_b2a9e/fast"
/usr/bin/make -f CMakeFiles/cmTC_b2a9e.dir/build.make CMakeFiles/cmTC_b2a9e.dir/build
make[1]: Entering directory '/home/naama/CLionProjects/ex3/cmake-build-debug/CMakeFiles/CMakeTmp'
Building C object CMakeFiles/cmTC_b2a9e.dir/CheckFunctionExists.c.o
/usr/bin/cc   -DCHECK_FUNCTION_EXISTS=pthread_create   -o CMakeFiles/cmTC_b2a9e.dir/CheckFunctionExists.c.o   -c /home/naama/clion-2017.2.3/bin/cmake/share/cmake-3.8/Modules/CheckFunctionExists.c
Linking C executable cmTC_b2a9e
/home/naama/clion-2017.2.3/bin/cmake/bin/cmake -E cmake_link_script CMakeFiles/cmTC_b2a9e.dir/link.txt --verbose=1
/usr/bin/cc  -DCHECK_FUNCTION_EXISTS=pthread_create    -rdynamic CMakeFiles/cmTC_b2a9e.dir/CheckFunctionExists.c.o  -o cmTC_b2a9e -lpthreads 
/usr/bin/ld: cannot find -lpthreads
collect2: error: ld returned 1 exit status
CMakeFiles/cmTC_b2a9e.dir/build.make:97: recipe for target 'cmTC_b2a9e' failed
make[1]: *** [cmTC_b2a9e] Error 1
make[1]: Leaving directory '/home/naama/CLionProjects/ex3/cmake-build-debug/CMakeFiles/CMakeTmp'
Makefile:126: recipe for target 'cmTC_b2a9e/fast' failed
make: *** [cmTC_b2a9e/fast] Error 2


